Symlinking /home/yyf/DRL/catkin_ws/devel/include/robot_vision/BoundingBoxes.h
Symlinking /home/yyf/DRL/catkin_ws/devel/include/robot_vision/BoundingBox.h
Symlinking /home/yyf/DRL/catkin_ws/devel/share/gennodejs/ros/robot_vision/_index.js
Symlinking /home/yyf/DRL/catkin_ws/devel/share/gennodejs/ros/robot_vision/msg/BoundingBox.js
Symlinking /home/yyf/DRL/catkin_ws/devel/share/gennodejs/ros/robot_vision/msg/_index.js
Symlinking /home/yyf/DRL/catkin_ws/devel/share/gennodejs/ros/robot_vision/msg/BoundingBoxes.js
Symlinking /home/yyf/DRL/catkin_ws/devel/share/roseus/ros/robot_vision/manifest.l
Symlinking /home/yyf/DRL/catkin_ws/devel/share/roseus/ros/robot_vision/msg/BoundingBox.l
Symlinking /home/yyf/DRL/catkin_ws/devel/share/roseus/ros/robot_vision/msg/BoundingBoxes.l
Symlinking /home/yyf/DRL/catkin_ws/devel/share/robot_vision/cmake/robot_vision-msg-paths.cmake
Symlinking /home/yyf/DRL/catkin_ws/devel/share/robot_vision/cmake/robot_visionConfig.cmake
Symlinking /home/yyf/DRL/catkin_ws/devel/share/robot_vision/cmake/robot_visionConfig-version.cmake
Symlinking /home/yyf/DRL/catkin_ws/devel/share/robot_vision/cmake/robot_vision-msg-extras.cmake
Symlinking /home/yyf/DRL/catkin_ws/devel/share/common-lisp/ros/robot_vision/msg/_package_BoundingBox.lisp
Symlinking /home/yyf/DRL/catkin_ws/devel/share/common-lisp/ros/robot_vision/msg/_package.lisp
Symlinking /home/yyf/DRL/catkin_ws/devel/share/common-lisp/ros/robot_vision/msg/BoundingBoxes.lisp
Symlinking /home/yyf/DRL/catkin_ws/devel/share/common-lisp/ros/robot_vision/msg/BoundingBox.lisp
Symlinking /home/yyf/DRL/catkin_ws/devel/share/common-lisp/ros/robot_vision/msg/robot_vision-msg.asd
Symlinking /home/yyf/DRL/catkin_ws/devel/share/common-lisp/ros/robot_vision/msg/_package_BoundingBoxes.lisp
Symlinking /home/yyf/DRL/catkin_ws/devel/lib/libqr_detector_nodelet.so
Symlinking /home/yyf/DRL/catkin_ws/devel/lib/python3/dist-packages/robot_vision/__init__.py
Symlinking /home/yyf/DRL/catkin_ws/devel/lib/python3/dist-packages/robot_vision/msg/_BoundingBox.py
Symlinking /home/yyf/DRL/catkin_ws/devel/lib/python3/dist-packages/robot_vision/msg/__init__.py
Symlinking /home/yyf/DRL/catkin_ws/devel/lib/python3/dist-packages/robot_vision/msg/_BoundingBoxes.py
Symlinking /home/yyf/DRL/catkin_ws/devel/lib/pkgconfig/robot_vision.pc
Symlinking /home/yyf/DRL/catkin_ws/devel/lib/robot_vision/cmake.lock
Symlinking /home/yyf/DRL/catkin_ws/devel/lib/robot_vision/motion_detector.py
Symlinking /home/yyf/DRL/catkin_ws/devel/lib/robot_vision/cv_bridge_test.py
Symlinking /home/yyf/DRL/catkin_ws/devel/lib/robot_vision/face_detector.py
